0 info it worked if it ends with ok
1 verbose cli [ '/usr/bin/nodejs',
1 verbose cli   '/usr/bin/npm',
1 verbose cli   'run',
1 verbose cli   'brick',
1 verbose cli   '--type',
1 verbose cli   'simple',
1 verbose cli   '--name',
1 verbose cli   'alert' ]
2 info using npm@2.15.1
3 info using node@v4.4.4
4 verbose run-script [ 'prebrick', 'brick', 'postbrick' ]
5 info prebrick summernote-bricks@1.0.1
6 info brick summernote-bricks@1.0.1
7 verbose unsafe-perm in lifecycle true
8 info summernote-bricks@1.0.1 Failed to exec brick script
9 verbose stack Error: summernote-bricks@1.0.1 brick: `gulp brick "simple" "alert"`
9 verbose stack Exit status 1
9 verbose stack     at EventEmitter.<anonymous> (/usr/lib/node_modules/npm/lib/utils/lifecycle.js:217:16)
9 verbose stack     at emitTwo (events.js:87:13)
9 verbose stack     at EventEmitter.emit (events.js:172:7)
9 verbose stack     at ChildProcess.<anonymous> (/usr/lib/node_modules/npm/lib/utils/spawn.js:24:14)
9 verbose stack     at emitTwo (events.js:87:13)
9 verbose stack     at ChildProcess.emit (events.js:172:7)
9 verbose stack     at maybeClose (internal/child_process.js:827:16)
9 verbose stack     at Process.ChildProcess._handle.onexit (internal/child_process.js:211:5)
10 verbose pkgid summernote-bricks@1.0.1
11 verbose cwd /mnt/A03EF39F3EF36CA2/Users/Eissa/Google Drive/programming/projects/summernote-bricks
12 error Linux 4.4.0-96-generic
13 error argv "/usr/bin/nodejs" "/usr/bin/npm" "run" "brick" "--type" "simple" "--name" "alert"
14 error node v4.4.4
15 error npm  v2.15.1
16 error code ELIFECYCLE
17 error summernote-bricks@1.0.1 brick: `gulp brick "simple" "alert"`
17 error Exit status 1
18 error Failed at the summernote-bricks@1.0.1 brick script 'gulp brick "simple" "alert"'.
18 error This is most likely a problem with the summernote-bricks package,
18 error not with npm itself.
18 error Tell the author that this fails on your system:
18 error     gulp brick "simple" "alert"
18 error You can get information on how to open an issue for this project with:
18 error     npm bugs summernote-bricks
18 error Or if that isn't available, you can get their info via:
18 error
18 error     npm owner ls summernote-bricks
18 error There is likely additional logging output above.
19 verbose exit [ 1, true ]
